<?xml version="1.0" encoding="utf-8"?>
<testsuites name="pytest tests">
    <testsuite name="pytest" errors="0" failures="0" skipped="0" tests="49" time="3.387"
        timestamp="2025-06-09T23:44:28.753906+02:00" hostname="PC104957">
        <testcase classname="src.lib.test_authorization.TestRuleEquality"
            name="test_complete_rule_equals" time="0.002" />
        <testcase classname="src.lib.test_authorization.TestRuleEquality"
            name="test_default_rule_equals" time="0.001" />
        <testcase classname="src.lib.test_authorization.TestRuleEquality" name="test_inequality"
            time="0.001" />
        <testcase classname="src.lib.test_authorization.TestRuleEquality"
            name="test_same_rule_equals" time="0.001" />
        <testcase classname="src.lib.test_authorization.TestDefaultRule" name="test_applies"
            time="0.010" />
        <testcase classname="src.lib.test_authorization.TestDefaultRule" name="test_authorize"
            time="0.001" />
        <testcase classname="src.lib.test_authorization.TestDefaultRule" name="test_default_values"
            time="0.001" />
        <testcase classname="src.lib.test_authorization.TestDefaultRule" name="test_is_public"
            time="0.001" />
        <testcase classname="src.lib.test_authorization.TestPublicRule" name="test_authorize"
            time="0.001" />
        <testcase classname="src.lib.test_authorization.TestPublicRule" name="test_is_public"
            time="0.001" />
        <testcase classname="src.lib.test_authorization.TestPublicRule" name="test_values"
            time="0.001" />
        <testcase classname="src.lib.test_authorization.TestHostsRule" name="test_applies"
            time="0.002" />
        <testcase classname="src.lib.test_authorization.TestHostsRule" name="test_is_public"
            time="0.001" />
        <testcase classname="src.lib.test_authorization.TestRangesRule" name="test_applies"
            time="0.001" />
        <testcase classname="src.lib.test_authorization.TestRangesRule" name="test_is_public"
            time="0.001" />
        <testcase classname="src.lib.test_authorization.TestMethodsRule" name="test_applies"
            time="0.001" />
        <testcase classname="src.lib.test_authorization.TestMethodsRule" name="test_is_public"
            time="0.001" />
        <testcase classname="src.lib.test_authorization.TestPathsRule" name="test_applies"
            time="0.002" />
        <testcase classname="src.lib.test_authorization.TestPathsRule" name="test_is_public"
            time="0.001" />
        <testcase classname="src.lib.test_authorization.TestUserRule" name="test_authorize"
            time="0.001" />
        <testcase classname="src.lib.test_authorization.TestUserRule" name="test_is_public"
            time="0.001" />
        <testcase classname="src.lib.test_authorization.TestGroupOrRule" name="test_authorize"
            time="0.001" />
        <testcase classname="src.lib.test_authorization.TestGroupOrRule" name="test_is_public"
            time="0.001" />
        <testcase classname="src.lib.test_authorization.TestGroupANDRule" name="test_authorize"
            time="0.001" />
        <testcase classname="src.lib.test_authorization.TestGroupANDRule" name="test_is_public"
            time="0.001" />
        <testcase classname="src.lib.test_authorization.TestUserANDGroupORRule"
            name="test_authorize" time="0.001" />
        <testcase classname="src.lib.test_authorization.TestUserANDGroupORRule"
            name="test_is_public" time="0.001" />
        <testcase classname="src.lib.test_authorization.TestUserANDGroupANDRule"
            name="test_authorize" time="0.001" />
        <testcase classname="src.lib.test_authorization.TestUserANDGroupANDRule"
            name="test_is_public" time="0.001" />
        <testcase classname="src.lib.test_authorization.AuthorizationRulesetTest"
            name="test_add_DEFAULT_RULE" time="0.001" />
        <testcase classname="src.lib.test_authorization.AuthorizationRulesetTest"
            name="test_add_existing_rule" time="0.001" />
        <testcase classname="src.lib.test_authorization.AuthorizationRulesetTest"
            name="test_add_rules" time="0.001" />
        <testcase classname="src.lib.test_authorization.AuthorizationRulesetTest"
            name="test_combine" time="0.002" />
        <testcase classname="src.lib.test_authorization.AuthorizationRulesetTest"
            name="test_combine_empty_ruleset" time="0.001" />
        <testcase classname="src.lib.test_authorization.AuthorizationRulesetTest"
            name="test_constructor" time="0.001" />
        <testcase classname="src.lib.test_authorization.AuthorizationRulesetTest"
            name="test_initial_ruleset" time="0.001" />
        <testcase classname="src.lib.test_authorization.AuthorizationRulesetTest" name="test_rules"
            time="0.001" />
        <testcase classname="src.lib.test_authorization.AuthorizationRulesParserTest"
            name="test_parse_complete_rule" time="0.001" />
        <testcase classname="src.lib.test_authorization.AuthorizationRulesParserTest"
            name="test_parse_escaped_whitespace" time="0.001" />
        <testcase classname="src.lib.test_authorization.AuthorizationRulesParserTest"
            name="test_parse_partial_rule" time="0.001" />
        <testcase classname="src.lib.test_authorization.AuthorizationRulesParserTest"
            name="test_parse_rule_defaults" time="0.001" />
        <testcase classname="src.lib.test_authorization.AuthorizationRulesParserTest"
            name="test_parse_rule_empty" time="0.001" />
        <testcase classname="src.lib.test_authorization.AuthorizationRulesParserTest"
            name="test_parse_space" time="0.001" />
        <testcase classname="src.lib.test_authorization.AuthorizationRulesParserTest"
            name="test_parse_whitespace" time="0.002" />
        <testcase classname="src.lib.test_authorization.TestAuthorizationRulesFile"
            name="test_existing_file" time="0.007" />
        <testcase classname="src.lib.test_authorization.TestAuthorizationRulesFile"
            name="test_missing_file" time="0.004" />
        <testcase classname="src.lib.test_authorization.TestAuthorizationRulesFile"
            name="test_update" time="1.007" />
        <testcase classname="src.lib.test_authorization.TestAuthorizationRulesFile"
            name="test_update_created" time="1.007" />
        <testcase classname="src.lib.test_authorization.TestAuthorizationRulesFile"
            name="test_update_removed" time="1.007" />
    </testsuite>
</testsuites>